2019-03-21 10:11:37.220  INFO 27268 --- [main] com.aijuke.hpface.PlatformApplication    : Starting PlatformApplication on tb060-PC with PID 27268 (F:\work-doc\hpface\target\classes started by tb060 in F:\work-doc\hpface)
2019-03-21 10:11:37.283  INFO 27268 --- [main] com.aijuke.hpface.PlatformApplication    : No active profile set, falling back to default profiles: default
2019-03-21 10:11:37.579  INFO 27268 --- [main] ationConfigEmbeddedWebApplicationContext : Refreshing org.springframework.boot.context.embedded.AnnotationConfigEmbeddedWebApplicationContext@130e116b: startup date [Thu Mar 21 10:11:37 CST 2019]; root of context hierarchy
2019-03-21 10:11:39.832  INFO 27268 --- [main] trationDelegate$BeanPostProcessorChecker : Bean 'org.springframework.transaction.annotation.ProxyTransactionManagementConfiguration' of type [class org.springframework.transaction.annotation.ProxyTransactionManagementConfiguration$$EnhancerBySpringCGLIB$$b76b0a65] is not eligible for getting processed by all BeanPostProcessors (for example: not eligible for auto-proxying)
2019-03-21 10:11:40.369  INFO 27268 --- [main] s.b.c.e.t.TomcatEmbeddedServletContainer : Tomcat initialized with port(s): 8002 (http)
2019-03-21 10:11:40.385  INFO 27268 --- [main] o.apache.catalina.core.StandardService   : Starting service Tomcat
2019-03-21 10:11:40.385  INFO 27268 --- [main] org.apache.catalina.core.StandardEngine  : Starting Servlet Engine: Apache Tomcat/8.5.5
2019-03-21 10:11:40.463  INFO 27268 --- [localhost-startStop-1] o.a.c.c.C.[Tomcat].[localhost].[/]       : Initializing Spring embedded WebApplicationContext
2019-03-21 10:11:40.463  INFO 27268 --- [localhost-startStop-1] o.s.web.context.ContextLoader            : Root WebApplicationContext: initialization completed in 2884 ms
2019-03-21 10:11:40.572  INFO 27268 --- [localhost-startStop-1] o.s.b.w.servlet.ServletRegistrationBean  : Mapping servlet: 'dispatcherServlet' to [/]
2019-03-21 10:11:40.572  INFO 27268 --- [localhost-startStop-1] o.s.b.w.servlet.FilterRegistrationBean   : Mapping filter: 'characterEncodingFilter' to: [/*]
2019-03-21 10:11:41.280  INFO 27268 --- [main] s.w.s.m.m.a.RequestMappingHandlerMapping : Mapped "{[/rest/v1/device/register]}" onto public java.lang.Object com.aijuke.hpface.modules.device.api.DeviceApi.register(com.aijuke.hpface.modules.device.api.Device)
2019-03-21 10:11:41.280  INFO 27268 --- [main] s.w.s.m.m.a.RequestMappingHandlerMapping : Mapped "{[/deviceTime/check]}" onto public java.lang.Object com.aijuke.hpface.modules.device.api.DeviceTimeApi.getCurrentTime()
2019-03-21 10:11:41.280  INFO 27268 --- [main] s.w.s.m.m.a.RequestMappingHandlerMapping : Mapped "{[/rest/v1/identityRecord/save]}" onto public java.lang.Object com.aijuke.hpface.modules.device.api.IdentityRecordApi.save(com.aijuke.hpface.modules.device.api.IdentityRecord)
2019-03-21 10:11:41.280  INFO 27268 --- [main] s.w.s.m.m.a.RequestMappingHandlerMapping : Mapped "{[/app/api/pushMessage]}" onto public java.lang.Object com.aijuke.hpface.modules.device.api.RztApi.activation(com.aijuke.hpface.modules.device.api.PersonInfo)
2019-03-21 10:11:41.280  INFO 27268 --- [main] s.w.s.m.m.a.RequestMappingHandlerMapping : Mapped "{[/app/api/testNet]}" onto public java.lang.Object com.aijuke.hpface.modules.device.api.RztApi.testNet()
2019-03-21 10:11:41.280  INFO 27268 --- [main] s.w.s.m.m.a.RequestMappingHandlerMapping : Mapped "{[/app/api/linkagePhoto]}" onto public java.lang.Object com.aijuke.hpface.modules.device.api.RztApi.linkagePhoto(com.aijuke.hpface.modules.device.api.PersonInfo) throws java.io.IOException
2019-03-21 10:11:41.311  INFO 27268 --- [main] s.w.s.m.m.a.RequestMappingHandlerMapping : Mapped "{[/error]}" onto public org.springframework.http.ResponseEntity<java.util.Map<java.lang.String, java.lang.Object>> org.springframework.boot.autoconfigure.web.BasicErrorController.error(javax.servlet.http.HttpServletRequest)
2019-03-21 10:11:41.311  INFO 27268 --- [main] s.w.s.m.m.a.RequestMappingHandlerMapping : Mapped "{[/error],produces=[text/html]}" onto public org.springframework.web.servlet.ModelAndView org.springframework.boot.autoconfigure.web.BasicErrorController.errorHtml(javax.servlet.http.HttpServletRequest,javax.servlet.http.HttpServletResponse)
2019-03-21 10:11:41.436  INFO 27268 --- [main] s.w.s.m.m.a.RequestMappingHandlerAdapter : Looking for @ControllerAdvice: org.springframework.boot.context.embedded.AnnotationConfigEmbeddedWebApplicationContext@130e116b: startup date [Thu Mar 21 10:11:37 GMT+08:00 2019]; root of context hierarchy
2019-03-21 10:11:41.608  INFO 27268 --- [main] o.s.s.c.ThreadPoolTaskScheduler          : Initializing ExecutorService  'defaultSockJsTaskScheduler'
2019-03-21 10:11:41.655  INFO 27268 --- [main] o.s.w.s.handler.SimpleUrlHandlerMapping  : Mapped URL path [/ws/device] onto handler of type [class org.springframework.web.socket.server.support.WebSocketHttpRequestHandler]
2019-03-21 10:11:42.243  INFO 27268 --- [main] o.s.j.e.a.AnnotationMBeanExporter        : Registering beans for JMX exposure on startup
2019-03-21 10:11:42.571  INFO 27268 --- [main] s.b.c.e.t.TomcatEmbeddedServletContainer : Tomcat started on port(s): 8002 (http)
2019-03-21 10:11:42.571  INFO 27268 --- [main] com.aijuke.hpface.PlatformApplication    : Started PlatformApplication in 7.856 seconds (JVM running for 16.643)
2019-03-21 10:19:14.986  INFO 31300 --- [main] com.aijuke.hpface.PlatformApplication    : Starting PlatformApplication on tb060-PC with PID 31300 (F:\work-doc\hpface\target\classes started by tb060 in F:\work-doc\hpface)
2019-03-21 10:19:14.990  INFO 31300 --- [main] com.aijuke.hpface.PlatformApplication    : No active profile set, falling back to default profiles: default
2019-03-21 10:19:15.123  INFO 31300 --- [main] ationConfigEmbeddedWebApplicationContext : Refreshing org.springframework.boot.context.embedded.AnnotationConfigEmbeddedWebApplicationContext@130e116b: startup date [Thu Mar 21 10:19:15 CST 2019]; root of context hierarchy
2019-03-21 10:19:16.435  INFO 31300 --- [main] trationDelegate$BeanPostProcessorChecker : Bean 'org.springframework.transaction.annotation.ProxyTransactionManagementConfiguration' of type [class org.springframework.transaction.annotation.ProxyTransactionManagementConfiguration$$EnhancerBySpringCGLIB$$72647387] is not eligible for getting processed by all BeanPostProcessors (for example: not eligible for auto-proxying)
2019-03-21 10:19:16.811  INFO 31300 --- [main] s.b.c.e.t.TomcatEmbeddedServletContainer : Tomcat initialized with port(s): 8002 (http)
2019-03-21 10:19:16.811  INFO 31300 --- [main] o.apache.catalina.core.StandardService   : Starting service Tomcat
2019-03-21 10:19:16.811  INFO 31300 --- [main] org.apache.catalina.core.StandardEngine  : Starting Servlet Engine: Apache Tomcat/8.5.5
2019-03-21 10:19:16.889  INFO 31300 --- [localhost-startStop-1] o.a.c.c.C.[Tomcat].[localhost].[/]       : Initializing Spring embedded WebApplicationContext
2019-03-21 10:19:16.889  INFO 31300 --- [localhost-startStop-1] o.s.web.context.ContextLoader            : Root WebApplicationContext: initialization completed in 1766 ms
2019-03-21 10:19:16.997  INFO 31300 --- [localhost-startStop-1] o.s.b.w.servlet.ServletRegistrationBean  : Mapping servlet: 'dispatcherServlet' to [/]
2019-03-21 10:19:17.001  INFO 31300 --- [localhost-startStop-1] o.s.b.w.servlet.FilterRegistrationBean   : Mapping filter: 'characterEncodingFilter' to: [/*]
2019-03-21 10:19:17.481  INFO 31300 --- [main] s.w.s.m.m.a.RequestMappingHandlerMapping : Mapped "{[/rest/v1/device/register]}" onto public java.lang.Object com.aijuke.hpface.modules.device.api.DeviceApi.register(com.aijuke.hpface.modules.device.api.Device)
2019-03-21 10:19:17.481  INFO 31300 --- [main] s.w.s.m.m.a.RequestMappingHandlerMapping : Mapped "{[/deviceTime/check]}" onto public java.lang.Object com.aijuke.hpface.modules.device.api.DeviceTimeApi.getCurrentTime()
2019-03-21 10:19:17.481  INFO 31300 --- [main] s.w.s.m.m.a.RequestMappingHandlerMapping : Mapped "{[/rest/v1/identityRecord/save]}" onto public java.lang.Object com.aijuke.hpface.modules.device.api.IdentityRecordApi.save(com.aijuke.hpface.modules.device.api.IdentityRecord)
2019-03-21 10:19:17.481  INFO 31300 --- [main] s.w.s.m.m.a.RequestMappingHandlerMapping : Mapped "{[/app/api/pushMessage]}" onto public java.lang.Object com.aijuke.hpface.modules.device.api.RztApi.activation(com.aijuke.hpface.modules.device.api.PersonInfo)
2019-03-21 10:19:17.481  INFO 31300 --- [main] s.w.s.m.m.a.RequestMappingHandlerMapping : Mapped "{[/app/api/testNet]}" onto public java.lang.Object com.aijuke.hpface.modules.device.api.RztApi.testNet()
2019-03-21 10:19:17.481  INFO 31300 --- [main] s.w.s.m.m.a.RequestMappingHandlerMapping : Mapped "{[/app/api/linkagePhoto]}" onto public java.lang.Object com.aijuke.hpface.modules.device.api.RztApi.linkagePhoto(com.aijuke.hpface.modules.device.api.PersonInfo) throws java.io.IOException
2019-03-21 10:19:17.481  INFO 31300 --- [main] s.w.s.m.m.a.RequestMappingHandlerMapping : Mapped "{[/error]}" onto public org.springframework.http.ResponseEntity<java.util.Map<java.lang.String, java.lang.Object>> org.springframework.boot.autoconfigure.web.BasicErrorController.error(javax.servlet.http.HttpServletRequest)
2019-03-21 10:19:17.481  INFO 31300 --- [main] s.w.s.m.m.a.RequestMappingHandlerMapping : Mapped "{[/error],produces=[text/html]}" onto public org.springframework.web.servlet.ModelAndView org.springframework.boot.autoconfigure.web.BasicErrorController.errorHtml(javax.servlet.http.HttpServletRequest,javax.servlet.http.HttpServletResponse)
2019-03-21 10:19:17.543  INFO 31300 --- [main] s.w.s.m.m.a.RequestMappingHandlerAdapter : Looking for @ControllerAdvice: org.springframework.boot.context.embedded.AnnotationConfigEmbeddedWebApplicationContext@130e116b: startup date [Thu Mar 21 10:19:15 GMT+08:00 2019]; root of context hierarchy
2019-03-21 10:19:17.605  INFO 31300 --- [main] o.s.s.c.ThreadPoolTaskScheduler          : Initializing ExecutorService  'defaultSockJsTaskScheduler'
2019-03-21 10:19:17.637  INFO 31300 --- [main] o.s.w.s.handler.SimpleUrlHandlerMapping  : Mapped URL path [/ws/device] onto handler of type [class org.springframework.web.socket.server.support.WebSocketHttpRequestHandler]
2019-03-21 10:19:18.039  INFO 31300 --- [main] o.s.j.e.a.AnnotationMBeanExporter        : Registering beans for JMX exposure on startup
2019-03-21 10:19:18.180  INFO 31300 --- [main] s.b.c.e.t.TomcatEmbeddedServletContainer : Tomcat started on port(s): 8002 (http)
2019-03-21 10:19:18.201  INFO 31300 --- [main] com.aijuke.hpface.PlatformApplication    : Started PlatformApplication in 4.03 seconds (JVM running for 5.0)
2019-03-21 14:46:06.411  INFO 9980 --- [main] com.aijuke.hpface.PlatformApplication    : Starting PlatformApplication on tb060-PC with PID 9980 (F:\work-doc\hpface\target\classes started by tb060 in F:\work-doc\hpface)
2019-03-21 14:46:06.442  INFO 9980 --- [main] com.aijuke.hpface.PlatformApplication    : No active profile set, falling back to default profiles: default
2019-03-21 14:46:06.489  INFO 9980 --- [main] ationConfigEmbeddedWebApplicationContext : Refreshing org.springframework.boot.context.embedded.AnnotationConfigEmbeddedWebApplicationContext@3549bca9: startup date [Thu Mar 21 14:46:06 CST 2019]; root of context hierarchy
2019-03-21 14:46:07.456  INFO 9980 --- [main] trationDelegate$BeanPostProcessorChecker : Bean 'org.springframework.transaction.annotation.ProxyTransactionManagementConfiguration' of type [class org.springframework.transaction.annotation.ProxyTransactionManagementConfiguration$$EnhancerBySpringCGLIB$$a357bff1] is not eligible for getting processed by all BeanPostProcessors (for example: not eligible for auto-proxying)
2019-03-21 14:46:08.161  INFO 9980 --- [main] s.b.c.e.t.TomcatEmbeddedServletContainer : Tomcat initialized with port(s): 8002 (http)
2019-03-21 14:46:08.176  INFO 9980 --- [main] o.apache.catalina.core.StandardService   : Starting service Tomcat
2019-03-21 14:46:08.176  INFO 9980 --- [main] org.apache.catalina.core.StandardEngine  : Starting Servlet Engine: Apache Tomcat/8.5.5
2019-03-21 14:46:08.301  INFO 9980 --- [localhost-startStop-1] o.a.c.c.C.[Tomcat].[localhost].[/]       : Initializing Spring embedded WebApplicationContext
2019-03-21 14:46:08.301  INFO 9980 --- [localhost-startStop-1] o.s.web.context.ContextLoader            : Root WebApplicationContext: initialization completed in 1812 ms
2019-03-21 14:46:08.428  INFO 9980 --- [localhost-startStop-1] o.s.b.w.servlet.ServletRegistrationBean  : Mapping servlet: 'dispatcherServlet' to [/]
2019-03-21 14:46:08.428  INFO 9980 --- [localhost-startStop-1] o.s.b.w.servlet.FilterRegistrationBean   : Mapping filter: 'characterEncodingFilter' to: [/*]
2019-03-21 14:46:09.006  INFO 9980 --- [main] s.w.s.m.m.a.RequestMappingHandlerMapping : Mapped "{[/rest/v1/device/register]}" onto public java.lang.Object com.aijuke.hpface.modules.device.api.DeviceApi.register(com.aijuke.hpface.modules.device.api.Device)
2019-03-21 14:46:09.006  INFO 9980 --- [main] s.w.s.m.m.a.RequestMappingHandlerMapping : Mapped "{[/deviceTime/check]}" onto public java.lang.Object com.aijuke.hpface.modules.device.api.DeviceTimeApi.getCurrentTime()
2019-03-21 14:46:09.006  INFO 9980 --- [main] s.w.s.m.m.a.RequestMappingHandlerMapping : Mapped "{[/rest/v1/identityRecord/save]}" onto public java.lang.Object com.aijuke.hpface.modules.device.api.IdentityRecordApi.save(com.aijuke.hpface.modules.device.api.IdentityRecord)
2019-03-21 14:46:09.006  INFO 9980 --- [main] s.w.s.m.m.a.RequestMappingHandlerMapping : Mapped "{[/app/api/pushMessage]}" onto public java.lang.Object com.aijuke.hpface.modules.device.api.RztApi.activation(com.aijuke.hpface.modules.device.api.PersonInfo)
2019-03-21 14:46:09.006  INFO 9980 --- [main] s.w.s.m.m.a.RequestMappingHandlerMapping : Mapped "{[/app/api/testNet]}" onto public java.lang.Object com.aijuke.hpface.modules.device.api.RztApi.testNet()
2019-03-21 14:46:09.006  INFO 9980 --- [main] s.w.s.m.m.a.RequestMappingHandlerMapping : Mapped "{[/app/api/linkagePhoto]}" onto public java.lang.Object com.aijuke.hpface.modules.device.api.RztApi.linkagePhoto(com.aijuke.hpface.modules.device.api.PersonInfo) throws java.io.IOException
2019-03-21 14:46:09.006  INFO 9980 --- [main] s.w.s.m.m.a.RequestMappingHandlerMapping : Mapped "{[/error]}" onto public org.springframework.http.ResponseEntity<java.util.Map<java.lang.String, java.lang.Object>> org.springframework.boot.autoconfigure.web.BasicErrorController.error(javax.servlet.http.HttpServletRequest)
2019-03-21 14:46:09.006  INFO 9980 --- [main] s.w.s.m.m.a.RequestMappingHandlerMapping : Mapped "{[/error],produces=[text/html]}" onto public org.springframework.web.servlet.ModelAndView org.springframework.boot.autoconfigure.web.BasicErrorController.errorHtml(javax.servlet.http.HttpServletRequest,javax.servlet.http.HttpServletResponse)
2019-03-21 14:46:09.084  INFO 9980 --- [main] s.w.s.m.m.a.RequestMappingHandlerAdapter : Looking for @ControllerAdvice: org.springframework.boot.context.embedded.AnnotationConfigEmbeddedWebApplicationContext@3549bca9: startup date [Thu Mar 21 14:46:06 GMT+08:00 2019]; root of context hierarchy
2019-03-21 14:46:09.154  INFO 9980 --- [main] o.s.s.c.ThreadPoolTaskScheduler          : Initializing ExecutorService  'defaultSockJsTaskScheduler'
2019-03-21 14:46:09.170  INFO 9980 --- [main] o.s.w.s.handler.SimpleUrlHandlerMapping  : Mapped URL path [/ws/device] onto handler of type [class org.springframework.web.socket.server.support.WebSocketHttpRequestHandler]
2019-03-21 14:46:09.589  INFO 9980 --- [main] o.s.j.e.a.AnnotationMBeanExporter        : Registering beans for JMX exposure on startup
2019-03-21 14:46:09.651  INFO 9980 --- [main] s.b.c.e.t.TomcatEmbeddedServletContainer : Tomcat started on port(s): 8002 (http)
2019-03-21 14:46:09.651  INFO 9980 --- [main] com.aijuke.hpface.PlatformApplication    : Started PlatformApplication in 4.102 seconds (JVM running for 5.731)
