2019-03-22 14:13:41.945  INFO 1812 --- [main] com.aijuke.hpface.PlatformApplication    : Starting PlatformApplication on tb060-PC with PID 1812 (F:\work-doc\hpface\target\classes started by tb060 in F:\work-doc\hpface)
2019-03-22 14:13:41.991  INFO 1812 --- [main] com.aijuke.hpface.PlatformApplication    : No active profile set, falling back to default profiles: default
2019-03-22 14:13:42.627  INFO 1812 --- [main] ationConfigEmbeddedWebApplicationContext : Refreshing org.springframework.boot.context.embedded.AnnotationConfigEmbeddedWebApplicationContext@4b14918a: startup date [Fri Mar 22 14:13:42 CST 2019]; root of context hierarchy
2019-03-22 14:13:43.824  INFO 1812 --- [main] trationDelegate$BeanPostProcessorChecker : Bean 'org.springframework.transaction.annotation.ProxyTransactionManagementConfiguration' of type [class org.springframework.transaction.annotation.ProxyTransactionManagementConfiguration$$EnhancerBySpringCGLIB$$5956af82] is not eligible for getting processed by all BeanPostProcessors (for example: not eligible for auto-proxying)
2019-03-22 14:13:44.371  INFO 1812 --- [main] s.b.c.e.t.TomcatEmbeddedServletContainer : Tomcat initialized with port(s): 8002 (http)
2019-03-22 14:13:44.387  INFO 1812 --- [main] o.apache.catalina.core.StandardService   : Starting service Tomcat
2019-03-22 14:13:44.387  INFO 1812 --- [main] org.apache.catalina.core.StandardEngine  : Starting Servlet Engine: Apache Tomcat/8.5.5
2019-03-22 14:13:44.512  INFO 1812 --- [localhost-startStop-1] o.a.c.c.C.[Tomcat].[localhost].[/]       : Initializing Spring embedded WebApplicationContext
2019-03-22 14:13:44.512  INFO 1812 --- [localhost-startStop-1] o.s.web.context.ContextLoader            : Root WebApplicationContext: initialization completed in 1885 ms
2019-03-22 14:13:44.605  INFO 1812 --- [localhost-startStop-1] o.s.b.w.servlet.ServletRegistrationBean  : Mapping servlet: 'dispatcherServlet' to [/]
2019-03-22 14:13:44.621  INFO 1812 --- [localhost-startStop-1] o.s.b.w.servlet.FilterRegistrationBean   : Mapping filter: 'characterEncodingFilter' to: [/*]
2019-03-22 14:13:45.316  INFO 1812 --- [main] s.w.s.m.m.a.RequestMappingHandlerMapping : Mapped "{[/rest/v1/device/register]}" onto public java.lang.Object com.aijuke.hpface.modules.device.api.DeviceApi.register(com.aijuke.hpface.modules.device.api.Device)
2019-03-22 14:13:45.316  INFO 1812 --- [main] s.w.s.m.m.a.RequestMappingHandlerMapping : Mapped "{[/deviceTime/check]}" onto public java.lang.Object com.aijuke.hpface.modules.device.api.DeviceTimeApi.getCurrentTime()
2019-03-22 14:13:45.316  INFO 1812 --- [main] s.w.s.m.m.a.RequestMappingHandlerMapping : Mapped "{[/rest/v1/identityRecord/save]}" onto public java.lang.Object com.aijuke.hpface.modules.device.api.IdentityRecordApi.save(com.aijuke.hpface.modules.device.api.IdentityRecord)
2019-03-22 14:13:45.316  INFO 1812 --- [main] s.w.s.m.m.a.RequestMappingHandlerMapping : Mapped "{[/app/api/pushMessage]}" onto public java.lang.Object com.aijuke.hpface.modules.device.api.RztApi.activation(com.aijuke.hpface.modules.device.api.PersonInfo)
2019-03-22 14:13:45.316  INFO 1812 --- [main] s.w.s.m.m.a.RequestMappingHandlerMapping : Mapped "{[/app/api/testNet]}" onto public java.lang.Object com.aijuke.hpface.modules.device.api.RztApi.testNet()
2019-03-22 14:13:45.316  INFO 1812 --- [main] s.w.s.m.m.a.RequestMappingHandlerMapping : Mapped "{[/app/api/linkagePhoto]}" onto public java.lang.Object com.aijuke.hpface.modules.device.api.RztApi.linkagePhoto(com.aijuke.hpface.modules.device.api.PersonInfo) throws java.io.IOException
2019-03-22 14:13:45.316  INFO 1812 --- [main] s.w.s.m.m.a.RequestMappingHandlerMapping : Mapped "{[/error]}" onto public org.springframework.http.ResponseEntity<java.util.Map<java.lang.String, java.lang.Object>> org.springframework.boot.autoconfigure.web.BasicErrorController.error(javax.servlet.http.HttpServletRequest)
2019-03-22 14:13:45.316  INFO 1812 --- [main] s.w.s.m.m.a.RequestMappingHandlerMapping : Mapped "{[/error],produces=[text/html]}" onto public org.springframework.web.servlet.ModelAndView org.springframework.boot.autoconfigure.web.BasicErrorController.errorHtml(javax.servlet.http.HttpServletRequest,javax.servlet.http.HttpServletResponse)
2019-03-22 14:13:45.409  INFO 1812 --- [main] s.w.s.m.m.a.RequestMappingHandlerAdapter : Looking for @ControllerAdvice: org.springframework.boot.context.embedded.AnnotationConfigEmbeddedWebApplicationContext@4b14918a: startup date [Fri Mar 22 14:13:42 GMT+08:00 2019]; root of context hierarchy
2019-03-22 14:13:45.487  INFO 1812 --- [main] o.s.s.c.ThreadPoolTaskScheduler          : Initializing ExecutorService  'defaultSockJsTaskScheduler'
2019-03-22 14:13:45.503  INFO 1812 --- [main] o.s.w.s.handler.SimpleUrlHandlerMapping  : Mapped URL path [/ws/device] onto handler of type [class org.springframework.web.socket.server.support.WebSocketHttpRequestHandler]
2019-03-22 14:13:45.909  INFO 1812 --- [main] o.s.j.e.a.AnnotationMBeanExporter        : Registering beans for JMX exposure on startup
2019-03-22 14:13:46.035  INFO 1812 --- [main] s.b.c.e.t.TomcatEmbeddedServletContainer : Tomcat started on port(s): 8002 (http)
2019-03-22 14:13:46.035  INFO 1812 --- [main] com.aijuke.hpface.PlatformApplication    : Started PlatformApplication in 4.98 seconds (JVM running for 6.739)
